-------------------------------------------------------------------------------
Test set: com.test.boot.ApplicationTest
-------------------------------------------------------------------------------
Tests run: 1, Failures: 0, Errors: 1, Skipped: 0, Time elapsed: 0.776 s <<< FAILURE! - in com.test.boot.ApplicationTest
initializationError(com.test.boot.ApplicationTest)  Time elapsed: 0.011 s  <<< ERROR!
java.lang.NoClassDefFoundError: org/springframework/util/ClassUtils
Caused by: java.lang.ClassNotFoundException: org.springframework.util.ClassUtils

